[17:54:27] [ServerMain/INFO]: Environment: authHost='https://authserver.mojang.com', accountsHost='https://api.mojang.com', sessionHost='https://sessionserver.mojang.com', servicesHost='https://api.minecraftservices.com', name='PROD'
[17:54:28] [ServerMain/INFO]: Found new data pack file/bukkit, loading it automatically
[17:54:28] [Worker-Main-3/INFO]: Loaded 7 recipes
[17:54:29] [Server thread/INFO]: Starting minecraft server version 1.18.2
[17:54:29] [Server thread/INFO]: Loading properties
[17:54:29] [Server thread/INFO]: This server is running Paper version git-Paper-250 (MC: 1.18.2) (Implementing API version 1.18.2-R0.1-SNAPSHOT) (Git: a5be178)
[17:54:29] [Server thread/INFO]: Server Ping Player Sample Count: 12
[17:54:29] [Server thread/INFO]: Using 4 threads for Netty based IO
[17:54:29] [Server thread/INFO]: Default game type: SURVIVAL
[17:54:29] [Server thread/INFO]: Generating keypair
[17:54:29] [Server thread/INFO]: Starting Minecraft server on *:25565
[17:54:30] [Server thread/INFO]: Using default channel type
[17:54:30] [Server thread/INFO]: Paper: Using Java 11 compression from Velocity.
[17:54:30] [Server thread/INFO]: Paper: Using Java cipher from Velocity.
[17:54:30] [Server thread/INFO]: [ChatColor2] Loading ChatColor2 v1.12.3
[17:54:30] [Server thread/INFO]: [OpenInv] Loading OpenInv v4.1.10
[17:54:30] [Server thread/INFO]: [Essentials] Loading Essentials v2.19.4
[17:54:30] [Server thread/INFO]: [ImageOnMap] Loading ImageOnMap v4.2.2
[17:54:30] [Server thread/INFO]: [VeinMiner] Loading VeinMiner v1.15.1
[17:54:30] [Server thread/INFO]: Server permissions file permissions.yml is empty, ignoring it
[17:54:30] [Server thread/INFO]: Preparing level "world"
[17:54:36] [Server thread/INFO]: Preparing start region for dimension minecraft:overworld
[17:54:37] [Worker-Main-3/INFO]: Preparing spawn area: 0%
[17:54:37] [Server thread/INFO]: Time elapsed: 387 ms
[17:54:37] [Server thread/INFO]: Preparing start region for dimension minecraft:the_nether
[17:54:37] [Worker-Main-4/INFO]: Preparing spawn area: 0%
[17:54:37] [Worker-Main-1/INFO]: Preparing spawn area: 0%
[17:54:38] [Server thread/INFO]: Time elapsed: 633 ms
[17:54:38] [Server thread/INFO]: Preparing start region for dimension minecraft:the_end
[17:54:38] [Worker-Main-8/INFO]: Preparing spawn area: 0%
[17:54:38] [Worker-Main-6/INFO]: Preparing spawn area: 0%
[17:54:38] [Server thread/INFO]: Time elapsed: 874 ms
[17:54:38] [Server thread/INFO]: [ChatColor2] Enabling ChatColor2 v1.12.3
[17:54:39] [Server thread/INFO]: [ChatColor] ChatColor 2 Version 1.12.3 has been enabled.
[17:54:39] [Server thread/INFO]: [ChatColor] Current update: Customisable listener priority!
[17:54:39] [Server thread/INFO]: [ChatColor] PlaceholderAPI not found, placeholders will not be available.
[17:54:39] [Server thread/INFO]: [ChatColor] Metrics is enabled for this plugin. Stats sent to https://bstats.org/plugin/bukkit/ChatColor2
[17:54:39] [Server thread/INFO]: [OpenInv] Enabling OpenInv v4.1.10
[17:54:39] [Server thread/INFO]: [Essentials] Enabling Essentials v2.19.4
[17:54:39] [Server thread/INFO]: [Essentials] Creating config from template: plugins\Essentials\config.yml
[17:54:39] [Server thread/INFO]: [Essentials] Creating config from template: plugins\Essentials\kits.yml
[17:54:39] [Server thread/INFO]: [Essentials] Attempting to convert old kits in config.yml to new kits.yml
[17:54:39] [Server thread/INFO]: [Essentials] No kits found to migrate.
[17:54:39] [Server thread/INFO]: [Essentials] Starting Essentials ban format conversion
[17:54:39] [Server thread/INFO]: [Essentials] Starting usermap repair
[17:54:39] [Server thread/WARN]: [Essentials] Missing userdata folder, aborting
[17:54:39] [Server thread/INFO]: [Essentials] Attempting to migrate ignore list to UUIDs
[17:54:39] [Server thread/INFO]: [Essentials] Attempting to migrate legacy userdata keys to Configurate
[17:54:39] [Server thread/INFO]: [Essentials] Creating config from template: plugins\Essentials\worth.yml
[17:54:39] [Server thread/INFO]: [Essentials] Creating config from template: plugins\Essentials\tpr.yml
[17:54:39] [Server thread/INFO]: [Essentials] Loaded 36926 items from items.json.
[17:54:39] [Server thread/INFO]: [Essentials] Creating config from template: plugins\Essentials\custom_items.yml
[17:54:39] [Server thread/INFO]: [Essentials] Using locale en_US
[17:54:39] [Server thread/INFO]: [Essentials] ServerListPingEvent: Spigot iterator API
[17:54:39] [Server thread/INFO]: [Essentials] Starting Metrics. Opt-out using the global bStats config.
[17:54:39] [Server thread/INFO]: [Essentials] Using superperms-based permissions.
[17:54:39] [Server thread/INFO]: [ImageOnMap] Enabling ImageOnMap v4.2.2
[17:54:39] [Server thread/INFO]: [ImageOnMap] Loaded 0 player map files.
[17:54:39] [Server thread/INFO]: [VeinMiner] Enabling VeinMiner v1.15.1
[17:54:39] [Server thread/INFO]: [VeinMiner] [STDOUT] Could not find class EntityPlayer
[17:54:39] [Server thread/WARN]: Nag author(s): '[2008Choco]' of 'VeinMiner' about their usage of System.out/err.print. Please use your plugin's logger instead (JavaPlugin#getLogger).
[17:54:39] [Server thread/INFO]: [VeinMiner] [STDOUT] Could not find class PlayerInteractManager
[17:54:39] [Server thread/ERROR]: Error occurred while enabling VeinMiner v1.15.1 (Is it up to date?)
java.lang.NullPointerException: Cannot invoke "java.lang.Class.getSimpleName()" because "clazz" is null
	at wtf.choco.veinminer.utils.ReflectionUtil.getField(ReflectionUtil.java:81) ~[VeinMiner-1.15.1.jar:?]
	at wtf.choco.veinminer.utils.ReflectionUtil.init(ReflectionUtil.java:56) ~[VeinMiner-1.15.1.jar:?]
	at wtf.choco.veinminer.VeinMiner.onEnable(VeinMiner.java:81) ~[VeinMiner-1.15.1.jar:?]
	at org.bukkit.plugin.java.JavaPlugin.setEnabled(JavaPlugin.java:264) ~[paper-api-1.18.2-R0.1-SNAPSHOT.jar:?]
	at org.bukkit.plugin.java.JavaPluginLoader.enablePlugin(JavaPluginLoader.java:370) ~[paper-api-1.18.2-R0.1-SNAPSHOT.jar:?]
	at org.bukkit.plugin.SimplePluginManager.enablePlugin(SimplePluginManager.java:501) ~[paper-api-1.18.2-R0.1-SNAPSHOT.jar:?]
	at org.bukkit.craftbukkit.v1_18_R2.CraftServer.enablePlugin(CraftServer.java:559) ~[paper-1.18.2.jar:git-Paper-250]
	at org.bukkit.craftbukkit.v1_18_R2.CraftServer.enablePlugins(CraftServer.java:473) ~[paper-1.18.2.jar:git-Paper-250]
	at net.minecraft.server.MinecraftServer.loadWorld0(MinecraftServer.java:664) ~[paper-1.18.2.jar:git-Paper-250]
	at net.minecraft.server.MinecraftServer.loadLevel(MinecraftServer.java:431) ~[paper-1.18.2.jar:git-Paper-250]
	at net.minecraft.server.dedicated.DedicatedServer.initServer(DedicatedServer.java:316) ~[paper-1.18.2.jar:git-Paper-250]
	at net.minecraft.server.MinecraftServer.runServer(MinecraftServer.java:1163) ~[paper-1.18.2.jar:git-Paper-250]
	at net.minecraft.server.MinecraftServer.lambda$spin$0(MinecraftServer.java:315) ~[paper-1.18.2.jar:git-Paper-250]
	at java.lang.Thread.run(Thread.java:833) ~[?:?]
[17:54:39] [Server thread/INFO]: [VeinMiner] Disabling VeinMiner v1.15.1
[17:54:39] [Server thread/INFO]: [VeinMiner] Clearing localized data
[17:54:39] [Server thread/INFO]: Running delayed init tasks
[17:54:39] [Server thread/INFO]: Done (9.942s)! For help, type "help"
[17:54:39] [Craft Scheduler Thread - 2 - Essentials/INFO]: [Essentials] §6Fetching version information...
[17:54:39] [Server thread/INFO]: Timings Reset
[17:55:52] [User Authenticator #1/INFO]: UUID of player ImZude is fa849035-9712-4b24-9c92-5aa2abdae375
[17:55:52] [Server thread/INFO]: ImZude joined the game
[17:55:52] [Server thread/INFO]: ImZude[/192.168.56.1:62483] logged in with entity id 296 at ([world]3.5, 65.0, 5.5)
[17:55:52] [Server thread/WARN]: [Essentials] File motd.txt does not exist. Creating one for you.
[17:56:10] [Server thread/INFO]: Made ImZude a server operator
[17:56:16] [Server thread/INFO]: ImZude issued server command: /gamemode creative
[17:56:41] [Server thread/INFO]: ImZude issued server command: /gamemode spectator
[17:57:39] [Server thread/INFO]: ImZude issued server command: /locatebiome minecraft:plains
[17:57:42] [Server thread/INFO]: ImZude issued server command: /tp @s 300 ~ -1736
[17:57:50] [Server thread/INFO]: ImZude issued server command: /tp ImZude 300 ~ -1736
[17:59:39] [Server thread/INFO]: ImZude lost connection: Disconnected
[17:59:39] [Server thread/INFO]: ImZude left the game
